<?xml version="1.0" encoding="UTF-8"?>
<!-- Generated by org.testng.reporters.JUnitReportReporter -->
<testsuite skipped="0" hostname="DESKTOP-HRIOVEA" name="testcases.UserManagementTestCase" tests="2" failures="0" timestamp="2019-12-30T20:30:59 IST" time="41.855" errors="0">
  <testcase name="verfiylogin" time="20.502" classname="testcases.UserManagementTestCase"/>
  <testcase name="verifyclickonusermanagement" time="21.353" classname="testcases.UserManagementTestCase"/>
</testsuite> <!-- testcases.UserManagementTestCase -->
