<?xml version="1.0" encoding="UTF-8"?>
<!-- Generated by org.testng.reporters.JUnitReportReporter -->
<testsuite skipped="0" hostname="RAJESHs-MacBook-Air.local" name="testcases.UserManagementTestCase" tests="1" failures="0" timestamp="2019-12-20T16:46:12 IST" time="23.716" errors="0">
  <testcase name="user_management_function_verify" time="23.716" classname="testcases.UserManagementTestCase"/>
</testsuite> <!-- testcases.UserManagementTestCase -->
